[31m2025-05-28 20:36:57[0;39m [32m[main][0;39m [34mINFO [0;39m [1;35mcom.jhtx.tl.TlApplication[0;39m - Starting TlApplication using Java 1.8.0_271 on sunjz with PID 17004 (D:\workspace\tl\tl-app\target\classes started by Administrator in D:\workspace\tl)
[31m2025-05-28 20:36:57[0;39m [32m[main][0;39m [34mINFO [0;39m [1;35mcom.jhtx.tl.TlApplication[0;39m - The following 1 profile is active: "dev"
[31m2025-05-28 20:36:57[0;39m [32m[background-preinit][0;39m [34mINFO [0;39m [1;35mo.h.validator.internal.util.Version[0;39m - HV000001: Hibernate Validator 6.2.5.Final
[31m2025-05-28 20:37:00[0;39m [32m[main][0;39m [34mINFO [0;39m [1;35mo.s.b.w.e.tomcat.TomcatWebServer[0;39m - Tomcat initialized with port(s): 8080 (http)
[31m2025-05-28 20:37:00[0;39m [32m[main][0;39m [34mINFO [0;39m [1;35mo.a.coyote.http11.Http11NioProtocol[0;39m - Initializing ProtocolHandler ["http-nio-8080"]
[31m2025-05-28 20:37:00[0;39m [32m[main][0;39m [34mINFO [0;39m [1;35mo.a.catalina.core.StandardService[0;39m - Starting service [Tomcat]
[31m2025-05-28 20:37:00[0;39m [32m[main][0;39m [34mINFO [0;39m [1;35mo.a.catalina.core.StandardEngine[0;39m - Starting Servlet engine: [Apache Tomcat/9.0.83]
[31m2025-05-28 20:37:01[0;39m [32m[main][0;39m [34mINFO [0;39m [1;35mo.a.c.c.C.[Tomcat].[localhost].[/][0;39m - Initializing Spring embedded WebApplicationContext
[31m2025-05-28 20:37:01[0;39m [32m[main][0;39m [34mINFO [0;39m [1;35mo.s.b.w.s.c.ServletWebServerApplicationContext[0;39m - Root WebApplicationContext: initialization completed in 3114 ms
[31m2025-05-28 20:37:01[0;39m [32m[main][0;39m [34mINFO [0;39m [1;35mo.a.catalina.core.StandardService[0;39m - Stopping service [Tomcat]
[31m2025-05-28 20:37:01[0;39m [32m[main][0;39m [34mINFO [0;39m [1;35mo.s.b.a.l.ConditionEvaluationReportLoggingListener[0;39m - 

Error starting ApplicationContext. To display the conditions report re-run your application with 'debug' enabled.
[31m2025-05-28 20:37:56[0;39m [32m[main][0;39m [34mINFO [0;39m [1;35mcom.jhtx.tl.TlApplication[0;39m - Starting TlApplication using Java 1.8.0_271 on sunjz with PID 17480 (D:\workspace\tl\tl-app\target\classes started by Administrator in D:\workspace\tl)
[31m2025-05-28 20:37:56[0;39m [32m[background-preinit][0;39m [34mINFO [0;39m [1;35mo.h.validator.internal.util.Version[0;39m - HV000001: Hibernate Validator 6.2.5.Final
[31m2025-05-28 20:37:56[0;39m [32m[main][0;39m [34mINFO [0;39m [1;35mcom.jhtx.tl.TlApplication[0;39m - The following 1 profile is active: "dev"
[31m2025-05-28 20:37:58[0;39m [32m[main][0;39m [34mINFO [0;39m [1;35mo.s.b.w.e.tomcat.TomcatWebServer[0;39m - Tomcat initialized with port(s): 8080 (http)
[31m2025-05-28 20:37:58[0;39m [32m[main][0;39m [34mINFO [0;39m [1;35mo.a.coyote.http11.Http11NioProtocol[0;39m - Initializing ProtocolHandler ["http-nio-8080"]
[31m2025-05-28 20:37:58[0;39m [32m[main][0;39m [34mINFO [0;39m [1;35mo.a.catalina.core.StandardService[0;39m - Starting service [Tomcat]
[31m2025-05-28 20:37:58[0;39m [32m[main][0;39m [34mINFO [0;39m [1;35mo.a.catalina.core.StandardEngine[0;39m - Starting Servlet engine: [Apache Tomcat/9.0.83]
[31m2025-05-28 20:37:58[0;39m [32m[main][0;39m [34mINFO [0;39m [1;35mo.a.c.c.C.[Tomcat].[localhost].[/][0;39m - Initializing Spring embedded WebApplicationContext
[31m2025-05-28 20:37:58[0;39m [32m[main][0;39m [34mINFO [0;39m [1;35mo.s.b.w.s.c.ServletWebServerApplicationContext[0;39m - Root WebApplicationContext: initialization completed in 1798 ms
[31m2025-05-28 20:38:00[0;39m [32m[main][0;39m [34mINFO [0;39m [1;35mo.a.coyote.http11.Http11NioProtocol[0;39m - Starting ProtocolHandler ["http-nio-8080"]
[31m2025-05-28 20:38:00[0;39m [32m[main][0;39m [34mINFO [0;39m [1;35mo.s.b.w.e.tomcat.TomcatWebServer[0;39m - Tomcat started on port(s): 8080 (http) with context path ''
[31m2025-05-28 20:38:00[0;39m [32m[main][0;39m [34mINFO [0;39m [1;35mcom.jhtx.tl.TlApplication[0;39m - Started TlApplication in 4.659 seconds (JVM running for 5.636)
[31m2025-05-28 20:38:00[0;39m [32m[main][0;39m [34mINFO [0;39m [1;35mcom.jhtx.tl.TlApplication[0;39m - ----------------------服务启动成功--------------------
[31m2025-05-28 20:39:17[0;39m [32m[http-nio-8080-exec-2][0;39m [34mINFO [0;39m [1;35mo.a.c.c.C.[Tomcat].[localhost].[/][0;39m - Initializing Spring DispatcherServlet 'dispatcherServlet'
[31m2025-05-28 20:39:17[0;39m [32m[http-nio-8080-exec-2][0;39m [34mINFO [0;39m [1;35mo.s.web.servlet.DispatcherServlet[0;39m - Initializing Servlet 'dispatcherServlet'
[31m2025-05-28 20:39:17[0;39m [32m[http-nio-8080-exec-2][0;39m [34mINFO [0;39m [1;35mo.s.web.servlet.DispatcherServlet[0;39m - Completed initialization in 4 ms
[31m2025-05-28 20:40:39[0;39m [32m[background-preinit][0;39m [34mINFO [0;39m [1;35mo.h.validator.internal.util.Version[0;39m - HV000001: Hibernate Validator 6.2.5.Final
[31m2025-05-28 20:40:39[0;39m [32m[main][0;39m [34mINFO [0;39m [1;35mcom.jhtx.tl.TlApplication[0;39m - Starting TlApplication using Java 1.8.0_271 on sunjz with PID 15508 (D:\workspace\tl\tl-app\target\classes started by Administrator in D:\workspace\tl)
[31m2025-05-28 20:40:39[0;39m [32m[main][0;39m [34mINFO [0;39m [1;35mcom.jhtx.tl.TlApplication[0;39m - The following 1 profile is active: "dev"
[31m2025-05-28 20:40:40[0;39m [32m[main][0;39m [34mINFO [0;39m [1;35mo.s.b.w.e.tomcat.TomcatWebServer[0;39m - Tomcat initialized with port(s): 8080 (http)
[31m2025-05-28 20:40:40[0;39m [32m[main][0;39m [34mINFO [0;39m [1;35mo.a.coyote.http11.Http11NioProtocol[0;39m - Initializing ProtocolHandler ["http-nio-8080"]
[31m2025-05-28 20:40:40[0;39m [32m[main][0;39m [34mINFO [0;39m [1;35mo.a.catalina.core.StandardService[0;39m - Starting service [Tomcat]
[31m2025-05-28 20:40:40[0;39m [32m[main][0;39m [34mINFO [0;39m [1;35mo.a.catalina.core.StandardEngine[0;39m - Starting Servlet engine: [Apache Tomcat/9.0.83]
[31m2025-05-28 20:40:40[0;39m [32m[main][0;39m [34mINFO [0;39m [1;35mo.a.c.c.C.[Tomcat].[localhost].[/][0;39m - Initializing Spring embedded WebApplicationContext
[31m2025-05-28 20:40:40[0;39m [32m[main][0;39m [34mINFO [0;39m [1;35mo.s.b.w.s.c.ServletWebServerApplicationContext[0;39m - Root WebApplicationContext: initialization completed in 1230 ms
[31m2025-05-28 20:40:41[0;39m [32m[main][0;39m [34mINFO [0;39m [1;35mo.a.coyote.http11.Http11NioProtocol[0;39m - Starting ProtocolHandler ["http-nio-8080"]
[31m2025-05-28 20:40:41[0;39m [32m[main][0;39m [34mINFO [0;39m [1;35mo.s.b.w.e.tomcat.TomcatWebServer[0;39m - Tomcat started on port(s): 8080 (http) with context path ''
[31m2025-05-28 20:40:41[0;39m [32m[main][0;39m [34mINFO [0;39m [1;35mcom.jhtx.tl.TlApplication[0;39m - Started TlApplication in 2.524 seconds (JVM running for 3.554)
[31m2025-05-28 20:40:41[0;39m [32m[main][0;39m [34mINFO [0;39m [1;35mcom.jhtx.tl.TlApplication[0;39m - ----------------------服务启动成功--------------------
[31m2025-05-28 20:40:53[0;39m [32m[http-nio-8080-exec-2][0;39m [34mINFO [0;39m [1;35mo.a.c.c.C.[Tomcat].[localhost].[/][0;39m - Initializing Spring DispatcherServlet 'dispatcherServlet'
[31m2025-05-28 20:40:53[0;39m [32m[http-nio-8080-exec-2][0;39m [34mINFO [0;39m [1;35mo.s.web.servlet.DispatcherServlet[0;39m - Initializing Servlet 'dispatcherServlet'
[31m2025-05-28 20:40:53[0;39m [32m[http-nio-8080-exec-2][0;39m [34mINFO [0;39m [1;35mo.s.web.servlet.DispatcherServlet[0;39m - Completed initialization in 3 ms
[31m2025-05-28 20:44:08[0;39m [32m[main][0;39m [34mINFO [0;39m [1;35mcom.jhtx.tl.TlApplication[0;39m - Starting TlApplication using Java 1.8.0_271 on sunjz with PID 17792 (D:\workspace\tl\tl-app\target\classes started by Administrator in D:\workspace\tl)
[31m2025-05-28 20:44:08[0;39m [32m[background-preinit][0;39m [34mINFO [0;39m [1;35mo.h.validator.internal.util.Version[0;39m - HV000001: Hibernate Validator 6.2.5.Final
[31m2025-05-28 20:44:08[0;39m [32m[main][0;39m [34mINFO [0;39m [1;35mcom.jhtx.tl.TlApplication[0;39m - The following 1 profile is active: "dev"
[31m2025-05-28 20:44:10[0;39m [32m[main][0;39m [34mINFO [0;39m [1;35mo.s.b.w.e.tomcat.TomcatWebServer[0;39m - Tomcat initialized with port(s): 8080 (http)
[31m2025-05-28 20:44:10[0;39m [32m[main][0;39m [34mINFO [0;39m [1;35mo.a.coyote.http11.Http11NioProtocol[0;39m - Initializing ProtocolHandler ["http-nio-8080"]
[31m2025-05-28 20:44:10[0;39m [32m[main][0;39m [34mINFO [0;39m [1;35mo.a.catalina.core.StandardService[0;39m - Starting service [Tomcat]
[31m2025-05-28 20:44:10[0;39m [32m[main][0;39m [34mINFO [0;39m [1;35mo.a.catalina.core.StandardEngine[0;39m - Starting Servlet engine: [Apache Tomcat/9.0.83]
[31m2025-05-28 20:44:10[0;39m [32m[main][0;39m [34mINFO [0;39m [1;35mo.a.c.c.C.[Tomcat].[localhost].[/][0;39m - Initializing Spring embedded WebApplicationContext
[31m2025-05-28 20:44:10[0;39m [32m[main][0;39m [34mINFO [0;39m [1;35mo.s.b.w.s.c.ServletWebServerApplicationContext[0;39m - Root WebApplicationContext: initialization completed in 1659 ms
[31m2025-05-28 20:44:11[0;39m [32m[main][0;39m [34mINFO [0;39m [1;35mo.a.coyote.http11.Http11NioProtocol[0;39m - Starting ProtocolHandler ["http-nio-8080"]
[31m2025-05-28 20:44:11[0;39m [32m[main][0;39m [34mINFO [0;39m [1;35mo.s.b.w.e.tomcat.TomcatWebServer[0;39m - Tomcat started on port(s): 8080 (http) with context path ''
[31m2025-05-28 20:44:11[0;39m [32m[main][0;39m [34mINFO [0;39m [1;35mcom.jhtx.tl.TlApplication[0;39m - Started TlApplication in 3.225 seconds (JVM running for 4.206)
[31m2025-05-28 20:44:11[0;39m [32m[main][0;39m [34mINFO [0;39m [1;35mcom.jhtx.tl.TlApplication[0;39m - ----------------------服务启动成功--------------------
[31m2025-05-28 20:44:14[0;39m [32m[http-nio-8080-exec-2][0;39m [34mINFO [0;39m [1;35mo.a.c.c.C.[Tomcat].[localhost].[/][0;39m - Initializing Spring DispatcherServlet 'dispatcherServlet'
[31m2025-05-28 20:44:14[0;39m [32m[http-nio-8080-exec-2][0;39m [34mINFO [0;39m [1;35mo.s.web.servlet.DispatcherServlet[0;39m - Initializing Servlet 'dispatcherServlet'
[31m2025-05-28 20:44:14[0;39m [32m[http-nio-8080-exec-2][0;39m [34mINFO [0;39m [1;35mo.s.web.servlet.DispatcherServlet[0;39m - Completed initialization in 1 ms
[31m2025-05-28 20:45:07[0;39m [32m[main][0;39m [34mINFO [0;39m [1;35mcom.jhtx.tl.TlApplication[0;39m - Starting TlApplication using Java 1.8.0_271 on sunjz with PID 15644 (D:\workspace\tl\tl-app\target\classes started by Administrator in D:\workspace\tl)
[31m2025-05-28 20:45:07[0;39m [32m[background-preinit][0;39m [34mINFO [0;39m [1;35mo.h.validator.internal.util.Version[0;39m - HV000001: Hibernate Validator 6.2.5.Final
[31m2025-05-28 20:45:07[0;39m [32m[main][0;39m [34mINFO [0;39m [1;35mcom.jhtx.tl.TlApplication[0;39m - The following 1 profile is active: "dev"
[31m2025-05-28 20:45:08[0;39m [32m[main][0;39m [34mINFO [0;39m [1;35mo.s.b.w.e.tomcat.TomcatWebServer[0;39m - Tomcat initialized with port(s): 8080 (http)
[31m2025-05-28 20:45:08[0;39m [32m[main][0;39m [34mINFO [0;39m [1;35mo.a.coyote.http11.Http11NioProtocol[0;39m - Initializing ProtocolHandler ["http-nio-8080"]
[31m2025-05-28 20:45:08[0;39m [32m[main][0;39m [34mINFO [0;39m [1;35mo.a.catalina.core.StandardService[0;39m - Starting service [Tomcat]
[31m2025-05-28 20:45:08[0;39m [32m[main][0;39m [34mINFO [0;39m [1;35mo.a.catalina.core.StandardEngine[0;39m - Starting Servlet engine: [Apache Tomcat/9.0.83]
[31m2025-05-28 20:45:09[0;39m [32m[main][0;39m [34mINFO [0;39m [1;35mo.a.c.c.C.[Tomcat].[localhost].[/][0;39m - Initializing Spring embedded WebApplicationContext
[31m2025-05-28 20:45:09[0;39m [32m[main][0;39m [34mINFO [0;39m [1;35mo.s.b.w.s.c.ServletWebServerApplicationContext[0;39m - Root WebApplicationContext: initialization completed in 2095 ms
[31m2025-05-28 20:45:10[0;39m [32m[main][0;39m [34mINFO [0;39m [1;35mo.a.coyote.http11.Http11NioProtocol[0;39m - Starting ProtocolHandler ["http-nio-8080"]
[31m2025-05-28 20:45:10[0;39m [32m[main][0;39m [34mINFO [0;39m [1;35mo.s.b.w.e.tomcat.TomcatWebServer[0;39m - Tomcat started on port(s): 8080 (http) with context path ''
[31m2025-05-28 20:45:10[0;39m [32m[main][0;39m [34mINFO [0;39m [1;35mcom.jhtx.tl.TlApplication[0;39m - Started TlApplication in 4.502 seconds (JVM running for 5.568)
[31m2025-05-28 20:45:10[0;39m [32m[main][0;39m [34mINFO [0;39m [1;35mcom.jhtx.tl.TlApplication[0;39m - ----------------------服务启动成功--------------------
[31m2025-05-28 20:45:18[0;39m [32m[http-nio-8080-exec-2][0;39m [34mINFO [0;39m [1;35mo.a.c.c.C.[Tomcat].[localhost].[/][0;39m - Initializing Spring DispatcherServlet 'dispatcherServlet'
[31m2025-05-28 20:45:18[0;39m [32m[http-nio-8080-exec-2][0;39m [34mINFO [0;39m [1;35mo.s.web.servlet.DispatcherServlet[0;39m - Initializing Servlet 'dispatcherServlet'
[31m2025-05-28 20:45:18[0;39m [32m[http-nio-8080-exec-2][0;39m [34mINFO [0;39m [1;35mo.s.web.servlet.DispatcherServlet[0;39m - Completed initialization in 2 ms
[31m2025-05-28 20:45:52[0;39m [32m[background-preinit][0;39m [34mINFO [0;39m [1;35mo.h.validator.internal.util.Version[0;39m - HV000001: Hibernate Validator 6.2.5.Final
[31m2025-05-28 20:45:52[0;39m [32m[main][0;39m [34mINFO [0;39m [1;35mcom.jhtx.tl.TlApplication[0;39m - Starting TlApplication using Java 1.8.0_271 on sunjz with PID 17536 (D:\workspace\tl\tl-app\target\classes started by Administrator in D:\workspace\tl)
[31m2025-05-28 20:45:52[0;39m [32m[main][0;39m [34mINFO [0;39m [1;35mcom.jhtx.tl.TlApplication[0;39m - The following 1 profile is active: "dev"
[31m2025-05-28 20:45:54[0;39m [32m[main][0;39m [34mINFO [0;39m [1;35mo.s.b.w.e.tomcat.TomcatWebServer[0;39m - Tomcat initialized with port(s): 8080 (http)
[31m2025-05-28 20:45:54[0;39m [32m[main][0;39m [34mINFO [0;39m [1;35mo.a.coyote.http11.Http11NioProtocol[0;39m - Initializing ProtocolHandler ["http-nio-8080"]
[31m2025-05-28 20:45:54[0;39m [32m[main][0;39m [34mINFO [0;39m [1;35mo.a.catalina.core.StandardService[0;39m - Starting service [Tomcat]
[31m2025-05-28 20:45:54[0;39m [32m[main][0;39m [34mINFO [0;39m [1;35mo.a.catalina.core.StandardEngine[0;39m - Starting Servlet engine: [Apache Tomcat/9.0.83]
[31m2025-05-28 20:45:54[0;39m [32m[main][0;39m [34mINFO [0;39m [1;35mo.a.c.c.C.[Tomcat].[localhost].[/][0;39m - Initializing Spring embedded WebApplicationContext
[31m2025-05-28 20:45:54[0;39m [32m[main][0;39m [34mINFO [0;39m [1;35mo.s.b.w.s.c.ServletWebServerApplicationContext[0;39m - Root WebApplicationContext: initialization completed in 1880 ms
[31m2025-05-28 20:45:56[0;39m [32m[main][0;39m [34mINFO [0;39m [1;35mo.a.coyote.http11.Http11NioProtocol[0;39m - Starting ProtocolHandler ["http-nio-8080"]
[31m2025-05-28 20:45:56[0;39m [32m[main][0;39m [34mINFO [0;39m [1;35mo.s.b.w.e.tomcat.TomcatWebServer[0;39m - Tomcat started on port(s): 8080 (http) with context path ''
[31m2025-05-28 20:45:56[0;39m [32m[main][0;39m [34mINFO [0;39m [1;35mcom.jhtx.tl.TlApplication[0;39m - Started TlApplication in 4.367 seconds (JVM running for 5.378)
[31m2025-05-28 20:45:56[0;39m [32m[main][0;39m [34mINFO [0;39m [1;35mcom.jhtx.tl.TlApplication[0;39m - ----------------------服务启动成功--------------------
[31m2025-05-28 20:46:01[0;39m [32m[http-nio-8080-exec-1][0;39m [34mINFO [0;39m [1;35mo.a.c.c.C.[Tomcat].[localhost].[/][0;39m - Initializing Spring DispatcherServlet 'dispatcherServlet'
[31m2025-05-28 20:46:01[0;39m [32m[http-nio-8080-exec-1][0;39m [34mINFO [0;39m [1;35mo.s.web.servlet.DispatcherServlet[0;39m - Initializing Servlet 'dispatcherServlet'
[31m2025-05-28 20:46:01[0;39m [32m[http-nio-8080-exec-1][0;39m [34mINFO [0;39m [1;35mo.s.web.servlet.DispatcherServlet[0;39m - Completed initialization in 1 ms
[31m2025-05-28 20:46:02[0;39m [32m[http-nio-8080-exec-1][0;39m [34mINFO [0;39m [1;35mcom.zaxxer.hikari.HikariDataSource[0;39m - hikariPool - Starting...
[31m2025-05-28 20:46:02[0;39m [32m[http-nio-8080-exec-1][0;39m [34mINFO [0;39m [1;35mcom.zaxxer.hikari.HikariDataSource[0;39m - hikariPool - Start completed.
[31m2025-05-28 20:48:20[0;39m [32m[SpringApplicationShutdownHook][0;39m [34mINFO [0;39m [1;35mcom.zaxxer.hikari.HikariDataSource[0;39m - hikariPool - Shutdown initiated...
[31m2025-05-28 20:48:20[0;39m [32m[SpringApplicationShutdownHook][0;39m [34mINFO [0;39m [1;35mcom.zaxxer.hikari.HikariDataSource[0;39m - hikariPool - Shutdown completed.
[31m2025-05-28 20:48:32[0;39m [32m[background-preinit][0;39m [34mINFO [0;39m [1;35mo.h.validator.internal.util.Version[0;39m - HV000001: Hibernate Validator 6.2.5.Final
[31m2025-05-28 20:48:32[0;39m [32m[main][0;39m [34mINFO [0;39m [1;35mcom.jhtx.tl.TlApplication[0;39m - Starting TlApplication using Java 1.8.0_271 on sunjz with PID 7044 (D:\workspace\tl\tl-app\target\classes started by Administrator in D:\workspace\tl)
[31m2025-05-28 20:48:32[0;39m [32m[main][0;39m [34mINFO [0;39m [1;35mcom.jhtx.tl.TlApplication[0;39m - The following 1 profile is active: "dev"
[31m2025-05-28 20:48:34[0;39m [32m[main][0;39m [34mINFO [0;39m [1;35mo.s.b.w.e.tomcat.TomcatWebServer[0;39m - Tomcat initialized with port(s): 8080 (http)
[31m2025-05-28 20:48:34[0;39m [32m[main][0;39m [34mINFO [0;39m [1;35mo.a.coyote.http11.Http11NioProtocol[0;39m - Initializing ProtocolHandler ["http-nio-8080"]
[31m2025-05-28 20:48:34[0;39m [32m[main][0;39m [34mINFO [0;39m [1;35mo.a.catalina.core.StandardService[0;39m - Starting service [Tomcat]
[31m2025-05-28 20:48:34[0;39m [32m[main][0;39m [34mINFO [0;39m [1;35mo.a.catalina.core.StandardEngine[0;39m - Starting Servlet engine: [Apache Tomcat/9.0.83]
[31m2025-05-28 20:48:34[0;39m [32m[main][0;39m [34mINFO [0;39m [1;35mo.a.c.c.C.[Tomcat].[localhost].[/][0;39m - Initializing Spring embedded WebApplicationContext
[31m2025-05-28 20:48:34[0;39m [32m[main][0;39m [34mINFO [0;39m [1;35mo.s.b.w.s.c.ServletWebServerApplicationContext[0;39m - Root WebApplicationContext: initialization completed in 2075 ms
[31m2025-05-28 20:48:37[0;39m [32m[main][0;39m [34mINFO [0;39m [1;35mo.a.coyote.http11.Http11NioProtocol[0;39m - Starting ProtocolHandler ["http-nio-8080"]
[31m2025-05-28 20:48:37[0;39m [32m[main][0;39m [34mINFO [0;39m [1;35mo.s.b.w.e.tomcat.TomcatWebServer[0;39m - Tomcat started on port(s): 8080 (http) with context path ''
[31m2025-05-28 20:48:37[0;39m [32m[main][0;39m [34mINFO [0;39m [1;35mcom.jhtx.tl.TlApplication[0;39m - Started TlApplication in 5.319 seconds (JVM running for 6.233)
[31m2025-05-28 20:48:37[0;39m [32m[main][0;39m [34mINFO [0;39m [1;35mcom.jhtx.tl.TlApplication[0;39m - ----------------------服务启动成功--------------------
[31m2025-05-28 20:48:45[0;39m [32m[http-nio-8080-exec-2][0;39m [34mINFO [0;39m [1;35mo.a.c.c.C.[Tomcat].[localhost].[/][0;39m - Initializing Spring DispatcherServlet 'dispatcherServlet'
[31m2025-05-28 20:48:45[0;39m [32m[http-nio-8080-exec-2][0;39m [34mINFO [0;39m [1;35mo.s.web.servlet.DispatcherServlet[0;39m - Initializing Servlet 'dispatcherServlet'
[31m2025-05-28 20:48:45[0;39m [32m[http-nio-8080-exec-2][0;39m [34mINFO [0;39m [1;35mo.s.web.servlet.DispatcherServlet[0;39m - Completed initialization in 1 ms
[31m2025-05-28 20:48:46[0;39m [32m[http-nio-8080-exec-2][0;39m [34mINFO [0;39m [1;35mcom.zaxxer.hikari.HikariDataSource[0;39m - hikariPool - Starting...
[31m2025-05-28 20:48:46[0;39m [32m[http-nio-8080-exec-2][0;39m [34mINFO [0;39m [1;35mcom.zaxxer.hikari.HikariDataSource[0;39m - hikariPool - Start completed.
[31m2025-05-28 20:48:46[0;39m [32m[http-nio-8080-exec-2][0;39m [34mINFO [0;39m [1;35mc.j.t.a.a.i.AccountFacadeServiceImpl[0;39m - 响应参数为：com.jhtx.tl.infra.repository.entity.account.Account@2910db95
