[31m2025-04-30 15:18:23[0;39m [32m[main][0;39m [34mINFO [0;39m [1;35mcom.jhtx.tl.TlApplication[0;39m - Starting TlApplication on WIN-ABP66SDA4UU with PID 8188 (D:\workspace\tl\tl-app\target\classes started by Administrator in D:\workspace\tl)
[31m2025-04-30 15:18:23[0;39m [32m[main][0;39m [34mINFO [0;39m [1;35mcom.jhtx.tl.TlApplication[0;39m - The following profiles are active: dev
[31m2025-04-30 15:18:24[0;39m [32m[main][0;39m [34mINFO [0;39m [1;35mo.s.b.w.e.tomcat.TomcatWebServer[0;39m - Tomcat initialized with port(s): 8080 (http)
[31m2025-04-30 15:18:24[0;39m [32m[main][0;39m [34mINFO [0;39m [1;35mo.a.coyote.http11.Http11NioProtocol[0;39m - Initializing ProtocolHandler ["http-nio-8080"]
[31m2025-04-30 15:18:24[0;39m [32m[main][0;39m [34mINFO [0;39m [1;35mo.a.catalina.core.StandardService[0;39m - Starting service [Tomcat]
[31m2025-04-30 15:18:24[0;39m [32m[main][0;39m [34mINFO [0;39m [1;35mo.a.catalina.core.StandardEngine[0;39m - Starting Servlet engine: [Apache Tomcat/9.0.41]
[31m2025-04-30 15:18:24[0;39m [32m[main][0;39m [34mINFO [0;39m [1;35mo.a.c.c.C.[Tomcat].[localhost].[/][0;39m - Initializing Spring embedded WebApplicationContext
[31m2025-04-30 15:18:24[0;39m [32m[main][0;39m [34mINFO [0;39m [1;35mo.s.b.w.s.c.ServletWebServerApplicationContext[0;39m - Root WebApplicationContext: initialization completed in 978 ms
[31m2025-04-30 15:18:24[0;39m [32m[main][0;39m [34mINFO [0;39m [1;35mo.s.s.c.ThreadPoolTaskExecutor[0;39m - Initializing ExecutorService 'applicationTaskExecutor'
[31m2025-04-30 15:18:24[0;39m [32m[main][0;39m [34mINFO [0;39m [1;35mo.a.coyote.http11.Http11NioProtocol[0;39m - Starting ProtocolHandler ["http-nio-8080"]
[31m2025-04-30 15:18:24[0;39m [32m[main][0;39m [34mINFO [0;39m [1;35mo.s.b.w.e.tomcat.TomcatWebServer[0;39m - Tomcat started on port(s): 8080 (http) with context path ''
[31m2025-04-30 15:18:24[0;39m [32m[main][0;39m [34mINFO [0;39m [1;35mcom.jhtx.tl.TlApplication[0;39m - Started TlApplication in 2.181 seconds (JVM running for 3.246)
[31m2025-04-30 15:18:24[0;39m [32m[main][0;39m [34mINFO [0;39m [1;35mcom.jhtx.tl.TlApplication[0;39m - ----------------------服务启动成功--------------------
[31m2025-04-30 15:18:57[0;39m [32m[SpringContextShutdownHook][0;39m [34mINFO [0;39m [1;35mo.s.s.c.ThreadPoolTaskExecutor[0;39m - Shutting down ExecutorService 'applicationTaskExecutor'
[31m2025-04-30 16:42:46[0;39m [32m[main][0;39m [34mINFO [0;39m [1;35mcom.jhtx.tl.TlApplication[0;39m - Starting TlApplication on WIN-ABP66SDA4UU with PID 13272 (D:\workspace\tl\tl-app\target\classes started by Administrator in D:\workspace\tl)
[31m2025-04-30 16:42:46[0;39m [32m[main][0;39m [34mINFO [0;39m [1;35mcom.jhtx.tl.TlApplication[0;39m - The following profiles are active: dev
[31m2025-04-30 16:42:47[0;39m [32m[main][0;39m [34mINFO [0;39m [1;35mo.s.b.w.e.tomcat.TomcatWebServer[0;39m - Tomcat initialized with port(s): 8080 (http)
[31m2025-04-30 16:42:47[0;39m [32m[main][0;39m [34mINFO [0;39m [1;35mo.a.coyote.http11.Http11NioProtocol[0;39m - Initializing ProtocolHandler ["http-nio-8080"]
[31m2025-04-30 16:42:47[0;39m [32m[main][0;39m [34mINFO [0;39m [1;35mo.a.catalina.core.StandardService[0;39m - Starting service [Tomcat]
[31m2025-04-30 16:42:47[0;39m [32m[main][0;39m [34mINFO [0;39m [1;35mo.a.catalina.core.StandardEngine[0;39m - Starting Servlet engine: [Apache Tomcat/9.0.41]
[31m2025-04-30 16:42:47[0;39m [32m[main][0;39m [34mINFO [0;39m [1;35mo.a.c.c.C.[Tomcat].[localhost].[/][0;39m - Initializing Spring embedded WebApplicationContext
[31m2025-04-30 16:42:47[0;39m [32m[main][0;39m [34mINFO [0;39m [1;35mo.s.b.w.s.c.ServletWebServerApplicationContext[0;39m - Root WebApplicationContext: initialization completed in 760 ms
[31m2025-04-30 16:42:47[0;39m [32m[main][0;39m [34mINFO [0;39m [1;35mo.s.s.c.ThreadPoolTaskExecutor[0;39m - Initializing ExecutorService 'applicationTaskExecutor'
[31m2025-04-30 16:42:47[0;39m [32m[main][0;39m [34mINFO [0;39m [1;35mo.a.coyote.http11.Http11NioProtocol[0;39m - Starting ProtocolHandler ["http-nio-8080"]
[31m2025-04-30 16:42:47[0;39m [32m[main][0;39m [34mINFO [0;39m [1;35mo.s.b.w.e.tomcat.TomcatWebServer[0;39m - Tomcat started on port(s): 8080 (http) with context path ''
[31m2025-04-30 16:42:47[0;39m [32m[main][0;39m [34mINFO [0;39m [1;35mcom.jhtx.tl.TlApplication[0;39m - Started TlApplication in 1.822 seconds (JVM running for 2.766)
[31m2025-04-30 16:42:47[0;39m [32m[main][0;39m [34mINFO [0;39m [1;35mcom.jhtx.tl.TlApplication[0;39m - ----------------------服务启动成功--------------------
[31m2025-04-30 16:44:47[0;39m [32m[SpringContextShutdownHook][0;39m [34mINFO [0;39m [1;35mo.s.s.c.ThreadPoolTaskExecutor[0;39m - Shutting down ExecutorService 'applicationTaskExecutor'
